<?xml version="1.0" encoding="utf-8" standalone="no"?>
<!--This file represents the results of running a test suite-->
<test-results name="C:\Users\Никита\Desktop\ProofOfConcept\ProofOfConcept\bin\Debug\ProofOfConcept.dll" total="1" errors="0" failures="1" not-run="0" inconclusive="0" ignored="0" skipped="0" invalid="0" date="2015-07-20" time="04:18:55">
  <environment nunit-version="2.6.4.14350" clr-version="2.0.50727.5456" os-version="Microsoft Windows NT 6.1.7601 Service Pack 1" platform="Win32NT" cwd="C:\Program Files (x86)\NUnit 2.6.4\bin" machine-name="НИКИТА-ПК" user="Никита" user-domain="Никита-ПК" />
  <culture-info current-culture="ru-RU" current-uiculture="ru-RU" />
  <test-suite type="Assembly" name="C:\Users\Никита\Desktop\ProofOfConcept\ProofOfConcept\bin\Debug\ProofOfConcept.dll" executed="True" result="Failure" success="False" time="14.660" asserts="0">
    <results>
      <test-suite type="Namespace" name="ProofOfConcept" executed="True" result="Failure" success="False" time="14.637" asserts="0">
        <results>
          <test-suite type="Namespace" name="Tests" executed="True" result="Failure" success="False" time="14.636" asserts="0">
            <results>
              <test-suite type="TestFixture" name="SendMailFeature" description="SendMail" executed="True" result="Failure" success="False" time="14.627" asserts="0">
                <categories>
                  <category name="Test" />
                </categories>
                <results>
                  <test-case name="ProofOfConcept.Tests.SendMailFeature.Login" description="login" executed="True" result="Failure" success="False" time="13.999" asserts="2">
                    <failure>
                      <message><![CDATA[  Element with locator User eMail Textwas NOT found, but should be present!
  Expected: True
  But was:  False
]]></message>
                      <stack-trace><![CDATA[в ProofOfConcept.Tests.SendMailSteps.ТоПользовательВидитСообщение(String WebElementName) в c:\Users\Никита\Desktop\ProofOfConcept\ProofOfConcept\Tests\SendMailSteps.cs:строка 67
в TechTalk.SpecFlow.Bindings.BindingInvoker.InvokeBinding(IBinding binding, IContextManager contextManager, Object[] arguments, ITestTracer testTracer, TimeSpan& duration)
в TechTalk.SpecFlow.Infrastructure.TestExecutionEngine.ExecuteStepMatch(BindingMatch match, Object[] arguments)
в TechTalk.SpecFlow.Infrastructure.TestExecutionEngine.ExecuteStep(StepInstance stepInstance)
в TechTalk.SpecFlow.Infrastructure.TestExecutionEngine.OnAfterLastStep()
в ProofOfConcept.Tests.SendMailFeature.ScenarioCleanup() в c:\Users\Никита\Desktop\ProofOfConcept\ProofOfConcept\Tests\SentMail.feature.cs:строка 0
в ProofOfConcept.Tests.SendMailFeature.Login() в c:\Users\Никита\Desktop\ProofOfConcept\ProofOfConcept\Tests\SentMail.feature:строка 14
]]></stack-trace>
                    </failure>
                  </test-case>
                </results>
              </test-suite>
            </results>
          </test-suite>
        </results>
      </test-suite>
    </results>
  </test-suite>
</test-results>